<?xml version="1.0" encoding="UTF-8"?>
<!-- Generated by org.testng.reporters.JUnitXMLReporter -->
<testsuite ignored="0" hostname="LAPTOP-40D4M6FM" failures="1" tests="1" name="login Zoho Test" time="4.138" errors="0" timestamp="2020-01-29T20:16:45 IST">
  <testcase classname="com.ka.testCases.LoginTest" name="loginTest" time="2.234">
    <failure type="java.lang.AssertionError" message="the Login Test Failed">
      <![CDATA[java.lang.AssertionError: the Login Test Failed
at com.ka.testCases.LoginTest.loginTest(LoginTest.java:25)
at java.base/java.util.ArrayList.forEach(ArrayList.java:1540)
... Removed 32 stack frames]]>
    </failure>
  </testcase> <!-- loginTest -->
</testsuite> <!-- login Zoho Test -->
